1565985123436	mozrunner::runner	INFO	Running command: "/usr/bin/firefox" "-marionette" "-foreground" "-no-remote" "-profile" "/tmp/rust_mozprofile.f7wIGdh36RcS"
Gtk-Message: 21:52:03.631: Failed to load module ""appmenu-gtk-module""
1565985124050	addons.webextension.screenshots@mozilla.org	WARN	Loading extension 'screenshots@mozilla.org': Reading manifest: Invalid extension permission: mozillaAddons
1565985124051	addons.webextension.screenshots@mozilla.org	WARN	Loading extension 'screenshots@mozilla.org': Reading manifest: Invalid extension permission: telemetry
1565985124051	addons.webextension.screenshots@mozilla.org	WARN	Loading extension 'screenshots@mozilla.org': Reading manifest: Invalid extension permission: resource://pdf.js/
1565985124051	addons.webextension.screenshots@mozilla.org	WARN	Loading extension 'screenshots@mozilla.org': Reading manifest: Invalid extension permission: about:reader*
Gtk-Message: 21:52:04.547: Failed to load module ""appmenu-gtk-module""
Gtk-Message: 21:52:04.683: Failed to load module ""appmenu-gtk-module""
Gtk-Message: 21:52:05.828: Failed to load module ""appmenu-gtk-module""
1565985125847	Marionette	INFO	Listening on port 42441
1565985125949	Marionette	WARN	TLS certificate errors will be ignored for this session
JavaScript error: https://get.optad360.io/sf/efa848b7-4b26-11e9-90af-02b353d38134/plugin.min.js, line 1: TypeError: optad360.core.postbidData.containers[e].slot is null
1565985218523	mozrunner::runner	INFO	Running command: "/usr/bin/firefox" "-marionette" "-foreground" "-no-remote" "-profile" "/tmp/rust_mozprofile.mJxdJn5Ll2We"
Gtk-Message: 21:53:38.640: Failed to load module ""appmenu-gtk-module""
1565985219014	addons.webextension.screenshots@mozilla.org	WARN	Loading extension 'screenshots@mozilla.org': Reading manifest: Invalid extension permission: mozillaAddons
1565985219014	addons.webextension.screenshots@mozilla.org	WARN	Loading extension 'screenshots@mozilla.org': Reading manifest: Invalid extension permission: telemetry
1565985219014	addons.webextension.screenshots@mozilla.org	WARN	Loading extension 'screenshots@mozilla.org': Reading manifest: Invalid extension permission: resource://pdf.js/
1565985219014	addons.webextension.screenshots@mozilla.org	WARN	Loading extension 'screenshots@mozilla.org': Reading manifest: Invalid extension permission: about:reader*
Gtk-Message: 21:53:39.492: Failed to load module ""appmenu-gtk-module""
Gtk-Message: 21:53:39.633: Failed to load module ""appmenu-gtk-module""
Gtk-Message: 21:53:41.054: Failed to load module ""appmenu-gtk-module""
1565985221106	Marionette	INFO	Listening on port 34963
1565985221142	Marionette	WARN	TLS certificate errors will be ignored for this session
JavaScript error: https://get.optad360.io/sf/efa848b7-4b26-11e9-90af-02b353d38134/plugin.min.js, line 1: TypeError: optad360.core.postbidData.containers[e].slot is null
console.warn: "Error while detaching the thread front: 'detach' request packet to 'server1.conn0.child1/context18' can't be sent as the connection is closed."
IPDL protocol error: Handler returned error code!

###!!! [Parent][DispatchAsyncMessage] Error: PLayerTransaction::Msg_ReleaseLayer Processing error: message was deserialized, but the handler returned false (indicating failure)

IPDL protocol error: Handler returned error code!

###!!! [Parent][DispatchAsyncMessage] Error: PLayerTransaction::Msg_ReleaseLayer Processing error: message was deserialized, but the handler returned false (indicating failure)

IPDL protocol error: Handler returned error code!

###!!! [Parent][DispatchAsyncMessage] Error: PLayerTransaction::Msg_ReleaseLayer Processing error: message was deserialized, but the handler returned false (indicating failure)

IPDL protocol error: Handler returned error code!

###!!! [Parent][DispatchAsyncMessage] Error: PLayerTransaction::Msg_ReleaseLayer Processing error: message was deserialized, but the handler returned false (indicating failure)

IPDL protocol error: Handler returned error code!

###!!! [Parent][DispatchAsyncMessage] Error: PLayerTransaction::Msg_ReleaseLayer Processing error: message was deserialized, but the handler returned false (indicating failure)

IPDL protocol error: Handler returned error code!

###!!! [Parent][DispatchAsyncMessage] Error: PLayerTransaction::Msg_ReleaseLayer Processing error: message was deserialized, but the handler returned false (indicating failure)

IPDL protocol error: Handler returned error code!

###!!! [Parent][DispatchAsyncMessage] Error: PLayerTransaction::Msg_ReleaseLayer Processing error: message was deserialized, but the handler returned false (indicating failure)

IPDL protocol error: Handler returned error code!

###!!! [Parent][DispatchAsyncMessage] Error: PLayerTransaction::Msg_ReleaseLayer Processing error: message was deserialized, but the handler returned false (indicating failure)

IPDL protocol error: Handler returned error code!

###!!! [Parent][DispatchAsyncMessage] Error: PLayerTransaction::Msg_ReleaseLayer Processing error: message was deserialized, but the handler returned false (indicating failure)

IPDL protocol error: Handler returned error code!

###!!! [Parent][DispatchAsyncMessage] Error: PLayerTransaction::Msg_ReleaseLayer Processing error: message was deserialized, but the handler returned false (indicating failure)

IPDL protocol error: Handler returned error code!

###!!! [Parent][DispatchAsyncMessage] Error: PLayerTransaction::Msg_ReleaseLayer Processing error: message was deserialized, but the handler returned false (indicating failure)

IPDL protocol error: Handler returned error code!

###!!! [Parent][DispatchAsyncMessage] Error: PLayerTransaction::Msg_ReleaseLayer Processing error: message was deserialized, but the handler returned false (indicating failure)

IPDL protocol error: Handler returned error code!

###!!! [Parent][DispatchAsyncMessage] Error: PLayerTransaction::Msg_ReleaseLayer Processing error: message was deserialized, but the handler returned false (indicating failure)

1565985223277	Marionette	INFO	Stopped listening on port 42441
Exiting due to channel error.
Exiting due to channel error.
Exiting due to channel error.
1565985252434	mozrunner::runner	INFO	Running command: "/usr/bin/firefox" "-marionette" "-foreground" "-no-remote" "-profile" "/tmp/rust_mozprofile.ar0gDsuax278"
Gtk-Message: 21:54:12.504: Failed to load module ""appmenu-gtk-module""
1565985252806	addons.webextension.screenshots@mozilla.org	WARN	Loading extension 'screenshots@mozilla.org': Reading manifest: Invalid extension permission: mozillaAddons
1565985252806	addons.webextension.screenshots@mozilla.org	WARN	Loading extension 'screenshots@mozilla.org': Reading manifest: Invalid extension permission: telemetry
1565985252806	addons.webextension.screenshots@mozilla.org	WARN	Loading extension 'screenshots@mozilla.org': Reading manifest: Invalid extension permission: resource://pdf.js/
1565985252806	addons.webextension.screenshots@mozilla.org	WARN	Loading extension 'screenshots@mozilla.org': Reading manifest: Invalid extension permission: about:reader*
Gtk-Message: 21:54:13.368: Failed to load module ""appmenu-gtk-module""
Gtk-Message: 21:54:13.598: Failed to load module ""appmenu-gtk-module""
Gtk-Message: 21:54:15.114: Failed to load module ""appmenu-gtk-module""
1565985255148	Marionette	INFO	Listening on port 35479
1565985255250	Marionette	WARN	TLS certificate errors will be ignored for this session
JavaScript error: https://www.wykop.pl/static/wykoppl7/s/fc7f7bbbd13ac1a572c998f38a55c993.js, line 981: TypeError: e.toElement is undefined
JavaScript error: https://www.wykop.pl/static/wykoppl7/s/fc7f7bbbd13ac1a572c998f38a55c993.js, line 981: TypeError: e.toElement is undefined
Gtk-Message: 21:55:00.086: Failed to load module ""appmenu-gtk-module""
JavaScript warning: resource:///modules/UrlbarView.jsm, line 123: Array.reduce is deprecated; use Array.prototype.reduce instead

###!!! [Child][MessageChannel] Error: (msgtype=0x530005,name=PHttpChannel::Msg_Cancel) Closed channel: cannot send/recv


###!!! [Child][MessageChannel] Error: (msgtype=0x530005,name=PHttpChannel::Msg_Cancel) Closed channel: cannot send/recv


###!!! [Child][MessageChannel] Error: (msgtype=0x530005,name=PHttpChannel::Msg_Cancel) Closed channel: cannot send/recv


###!!! [Child][MessageChannel] Error: (msgtype=0x530005,name=PHttpChannel::Msg_Cancel) Closed channel: cannot send/recv

1565985322618	Marionette	INFO	Stopped listening on port 35479
1565985378950	mozrunner::runner	INFO	Running command: "/usr/bin/firefox" "-marionette" "-foreground" "-no-remote" "-profile" "/tmp/rust_mozprofile.j1qXk2iJQs1h"
Gtk-Message: 21:56:19.056: Failed to load module ""appmenu-gtk-module""
1565985379477	addons.webextension.screenshots@mozilla.org	WARN	Loading extension 'screenshots@mozilla.org': Reading manifest: Invalid extension permission: mozillaAddons
1565985379477	addons.webextension.screenshots@mozilla.org	WARN	Loading extension 'screenshots@mozilla.org': Reading manifest: Invalid extension permission: telemetry
1565985379477	addons.webextension.screenshots@mozilla.org	WARN	Loading extension 'screenshots@mozilla.org': Reading manifest: Invalid extension permission: resource://pdf.js/
1565985379477	addons.webextension.screenshots@mozilla.org	WARN	Loading extension 'screenshots@mozilla.org': Reading manifest: Invalid extension permission: about:reader*
Gtk-Message: 21:56:20.040: Failed to load module ""appmenu-gtk-module""
Gtk-Message: 21:56:20.205: Failed to load module ""appmenu-gtk-module""
Gtk-Message: 21:56:21.402: Failed to load module ""appmenu-gtk-module""
1565985381456	Marionette	INFO	Listening on port 35011
1565985381559	Marionette	WARN	TLS certificate errors will be ignored for this session
JavaScript error: https://www.wykop.pl/static/wykoppl7/s/fc7f7bbbd13ac1a572c998f38a55c993.js, line 981: TypeError: e.toElement is undefined
JavaScript error: https://www.wykop.pl/static/wykoppl7/s/fc7f7bbbd13ac1a572c998f38a55c993.js, line 981: TypeError: e.toElement is undefined
1565985406231	Marionette	INFO	Stopped listening on port 35011
